<?xml version="1.0" encoding="UTF-8"?>
<!-- Generated by org.testng.reporters.JUnitReportReporter -->
<testsuite hostname="VMT13983" failures="0" tests="1" name="com.testRestAssured.BasicTest" time="3.398" errors="0" timestamp="2022-02-23T12:33:32 IST" skipped="0">
  <testcase classname="com.testRestAssured.BasicTest" name="sometest" time="3.398"/>
  <system-out/>
</testsuite> <!-- com.testRestAssured.BasicTest -->
